Log file open, 02/07/23 00:40:09
LogWindows: Failed to load 'aqProf.dll' (GetLastError=126)
LogWindows: File 'aqProf.dll' does not exist
LogWindows: Failed to load 'VtuneApi.dll' (GetLastError=126)
LogWindows: File 'VtuneApi.dll' does not exist
LogWindows: Failed to load 'VtuneApi32e.dll' (GetLastError=126)
LogWindows: File 'VtuneApi32e.dll' does not exist
LogConsoleResponse: Display: Failed to find resolution value strings in scalability ini. Falling back to default.
LogConsoleResponse: Display: Failed to find resolution value strings in scalability ini. Falling back to default.
LogInit: Display: Running engine for game: uekaragame
LogPlatformFile: Not using cached read wrapper
LogTaskGraph: Started task graph with 5 named threads and 20 total threads with 3 sets of task threads.
LogStats: Stats thread started at 0.298436
LogICUInternationalization: ICU TimeZone Detection - Raw Offset: +9:00, Platform Override: ''
LogInit: Display: Loading text-based GConfig....
LogPluginManager: Mounting plugin MeshPainting
LogPluginManager: Mounting plugin XGEController
LogPluginManager: Mounting plugin Paper2D
LogPluginManager: Mounting plugin LiveLink
LogPluginManager: Mounting plugin AISupport
LogPluginManager: Mounting plugin CameraShakePreviewer
LogPluginManager: Mounting plugin GameplayCameras
LogPluginManager: Mounting plugin LightPropagationVolume
LogPluginManager: Mounting plugin OodleNetwork
LogPluginManager: Mounting plugin AnimationSharing
LogPluginManager: Mounting plugin CLionSourceCodeAccess
LogPluginManager: Mounting plugin OodleData
LogPluginManager: Mounting plugin CodeLiteSourceCodeAccess
LogPluginManager: Mounting plugin GitSourceControl
LogPluginManager: Mounting plugin PerforceSourceControl
LogPluginManager: Mounting plugin KDevelopSourceCodeAccess
LogPluginManager: Mounting plugin NullSourceCodeAccess
LogPluginManager: Mounting plugin PixWinPlugin
LogPluginManager: Mounting plugin PlasticSourceControl
LogPluginManager: Mounting plugin PluginUtils
LogPluginManager: Mounting plugin RiderSourceCodeAccess
LogPluginManager: Mounting plugin SubversionSourceControl
LogPluginManager: Mounting plugin TextureFormatOodle
LogPluginManager: Mounting plugin PropertyAccessNode
LogPluginManager: Mounting plugin VisualStudioCodeSourceCodeAccess
LogPluginManager: Mounting plugin UObjectPlugin
LogPluginManager: Mounting plugin XCodeSourceCodeAccess
LogPluginManager: Mounting plugin VisualStudioSourceCodeAccess
LogPluginManager: Mounting plugin AssetManagerEditor
LogPluginManager: Mounting plugin CryptoKeys
LogPluginManager: Mounting plugin CurveEditorTools
LogPluginManager: Mounting plugin DataValidation
LogPluginManager: Mounting plugin FacialAnimation
LogPluginManager: Mounting plugin GameplayTagsEditor
LogPluginManager: Mounting plugin GeometryMode
LogPluginManager: Mounting plugin MaterialAnalyzer
LogPluginManager: Mounting plugin MacGraphicsSwitching
LogPluginManager: Mounting plugin MobileLauncherProfileWizard
LogPluginManager: Mounting plugin PluginBrowser
LogPluginManager: Mounting plugin SpeedTreeImporter
LogPluginManager: Mounting plugin DatasmithContent
LogPluginManager: Mounting plugin Niagara
LogPluginManager: Mounting plugin VariantManagerContent
LogPluginManager: Mounting plugin AlembicImporter
LogPluginManager: Mounting plugin AutomationUtils
LogPluginManager: Mounting plugin BackChannel
LogPluginManager: Mounting plugin ChaosCloth
LogPluginManager: Mounting plugin ChaosClothEditor
LogPluginManager: Mounting plugin ChaosEditor
LogPluginManager: Mounting plugin ChaosNiagara
LogPluginManager: Mounting plugin ChaosSolverPlugin
LogPluginManager: Mounting plugin CharacterAI
LogPluginManager: Mounting plugin GeometryCache
LogPluginManager: Mounting plugin GeometryCollectionPlugin
LogPluginManager: Mounting plugin GeometryProcessing
LogPluginManager: Mounting plugin OpenImageDenoise
LogPluginManager: Mounting plugin MotoSynth
LogPluginManager: Mounting plugin PlanarCut
LogPluginManager: Mounting plugin PlatformCrypto
LogPluginManager: Mounting plugin PythonScriptPlugin
LogPluginManager: Mounting plugin ProxyLODPlugin
LogPluginManager: Mounting plugin SkeletalReduction
LogPluginManager: Mounting plugin LuminPlatformFeatures
LogPluginManager: Mounting plugin MagicLeap
LogPluginManager: Mounting plugin MagicLeapLightEstimation
LogPluginManager: Mounting plugin MagicLeapMedia
LogPluginManager: Mounting plugin MagicLeapPassableWorld
LogPluginManager: Mounting plugin AndroidMedia
LogPluginManager: Mounting plugin AvfMedia
LogPluginManager: Mounting plugin MLSDK
LogPluginManager: Mounting plugin MediaCompositing
LogPluginManager: Mounting plugin ImgMedia
LogPluginManager: Mounting plugin MediaPlayerEditor
LogPluginManager: Mounting plugin WebMMedia
LogPluginManager: Mounting plugin WmfMedia
LogPluginManager: Mounting plugin TcpMessaging
LogPluginManager: Mounting plugin UdpMessaging
LogPluginManager: Mounting plugin ActorSequence
LogPluginManager: Mounting plugin LevelSequenceEditor
LogPluginManager: Mounting plugin MatineeToLevelSequence
LogPluginManager: Mounting plugin OnlineSubsystem
LogPluginManager: Mounting plugin TemplateSequence
LogPluginManager: Mounting plugin OnlineSubsystemNull
LogPluginManager: Mounting plugin OnlineSubsystemUtils
LogPluginManager: Mounting plugin LauncherChunkInstaller
LogPluginManager: Mounting plugin ActorLayerUtilities
LogPluginManager: Mounting plugin AndroidDeviceProfileSelector
LogPluginManager: Mounting plugin AndroidMoviePlayer
LogPluginManager: Mounting plugin AppleImageUtils
LogPluginManager: Mounting plugin AndroidPermission
LogPluginManager: Mounting plugin ArchVisCharacter
LogPluginManager: Mounting plugin AppleMoviePlayer
LogPluginManager: Mounting plugin AudioCapture
LogPluginManager: Mounting plugin AudioSynesthesia
LogPluginManager: Mounting plugin AssetTags
LogPluginManager: Mounting plugin CableComponent
LogPluginManager: Mounting plugin ChunkDownloader
LogPluginManager: Mounting plugin CustomMeshComponent
LogPluginManager: Mounting plugin EditableMesh
LogPluginManager: Mounting plugin ExampleDeviceProfileSelector
LogPluginManager: Mounting plugin GoogleCloudMessaging
LogPluginManager: Mounting plugin GooglePAD
LogPluginManager: Mounting plugin IOSDeviceProfileSelector
LogPluginManager: Mounting plugin LinuxDeviceProfileSelector
LogPluginManager: Mounting plugin LocationServicesBPLibrary
LogPluginManager: Mounting plugin MobilePatchingUtils
LogPluginManager: Mounting plugin OpenXR
LogPluginManager: Mounting plugin OpenXRHandTracking
LogPluginManager: Mounting plugin PhysXVehicles
LogPluginManager: Mounting plugin OpenXREyeTracker
LogPluginManager: Mounting plugin PostSplashScreen
LogPluginManager: Mounting plugin ProceduralMeshComponent
LogPluginManager: Mounting plugin PropertyAccessEditor
LogPluginManager: Mounting plugin RuntimePhysXCooking
LogPluginManager: Mounting plugin SignificanceManager
LogPluginManager: Mounting plugin SoundFields
LogPluginManager: Mounting plugin Synthesis
LogPluginManager: Mounting plugin WebMMoviePlayer
LogPluginManager: Mounting plugin WindowsMoviePlayer
LogPluginManager: Mounting plugin ScreenshotTools
LogPluginManager: Mounting plugin Takes
LogPluginManager: Mounting plugin EnvironmentQueryEditor
LogPluginManager: Mounting plugin ContentBrowserAssetDataSource
LogPluginManager: Mounting plugin ContentBrowserClassDataSource
LogPluginManager: Mounting plugin ContentBrowserFileDataSource
LogPluginManager: Mounting plugin OnlineSubsystemGooglePlay
LogPluginManager: Mounting plugin OnlineSubsystemIOS
LogPluginManager: Mounting plugin OculusVR
LogPluginManager: Mounting plugin SteamVR
PixWinPlugin: PIX capture plugin failed to initialize! Check that the process is launched from PIX.
LogInit: Using libcurl 7.55.1-DEV
LogInit:  - built for x86_64-pc-win32
LogInit:  - supports SSL with OpenSSL/1.1.1
LogInit:  - supports HTTP deflate (compression) using libz 1.2.8
LogInit:  - other features:
LogInit:      CURL_VERSION_SSL
LogInit:      CURL_VERSION_LIBZ
LogInit:      CURL_VERSION_IPV6
LogInit:      CURL_VERSION_ASYNCHDNS
LogInit:      CURL_VERSION_LARGEFILE
LogInit:      CURL_VERSION_IDN
LogInit:  CurlRequestOptions (configurable via config and command line):
LogInit:  - bVerifyPeer = true  - Libcurl will verify peer certificate
LogInit:  - bUseHttpProxy = false  - Libcurl will NOT use HTTP proxy
LogInit:  - bDontReuseConnections = false  - Libcurl will reuse connections
LogInit:  - MaxHostConnections = 16  - Libcurl will limit the number of connections to a host
LogInit:  - LocalHostAddr = Default
LogInit:  - BufferSize = 65536
LogOnline: OSS: Creating online subsystem instance for: NULL
LogInit: WinSock: version 1.1 (2.2), MaxSocks=32767, MaxUdp=65467
LogOnline: OSS: TryLoadSubsystemAndSetDefault: Loaded subsystem for module [NULL]
LogOculusPluginWrapper: OculusPlugin initialized successfully
LogHMD: Failed initializing OVRPlugin 1.59.0
LogInit: Build: ++UE4+Release-4.27-CL-18319896
LogInit: Engine Version: 4.27.2-18319896+++UE4+Release-4.27
LogInit: Compatible Engine Version: 4.27.0-17155196+++UE4+Release-4.27
LogInit: Net CL: 17155196
LogInit: OS: Windows 10 (Release 2009) (), CPU: AMD Ryzen 5 3500 6-Core Processor              , GPU: NVIDIA GeForce GTX 1660 SUPER
LogInit: Compiled (64-bit): Nov 30 2021 07:12:08
LogInit: Compiled with Visual C++: 19.24.28315.00
LogInit: Build Configuration: Development
LogInit: Branch Name: ++UE4+Release-4.27
LogInit: Command Line: 
LogInit: Base Directory: D:/UE_4.27/Engine/Binaries/Win64/
LogInit: Allocator: TBB
LogInit: Installed Engine Build: 1
LogDevObjectVersion: Number of dev versions registered: 29
LogDevObjectVersion:   Dev-Blueprints (B0D832E4-1F89-4F0D-ACCF-7EB736FD4AA2): 10
LogDevObjectVersion:   Dev-Build (E1C64328-A22C-4D53-A36C-8E866417BD8C): 0
LogDevObjectVersion:   Dev-Core (375EC13C-06E4-48FB-B500-84F0262A717E): 4
LogDevObjectVersion:   Dev-Editor (E4B068ED-F494-42E9-A231-DA0B2E46BB41): 40
LogDevObjectVersion:   Dev-Framework (CFFC743F-43B0-4480-9391-14DF171D2073): 37
LogDevObjectVersion:   Dev-Mobile (B02B49B5-BB20-44E9-A304-32B752E40360): 3
LogDevObjectVersion:   Dev-Networking (A4E4105C-59A1-49B5-A7C5-40C4547EDFEE): 0
LogDevObjectVersion:   Dev-Online (39C831C9-5AE6-47DC-9A44-9C173E1C8E7C): 0
LogDevObjectVersion:   Dev-Physics (78F01B33-EBEA-4F98-B9B4-84EACCB95AA2): 14
LogDevObjectVersion:   Dev-Platform (6631380F-2D4D-43E0-8009-CF276956A95A): 0
LogDevObjectVersion:   Dev-Rendering (12F88B9F-8875-4AFC-A67C-D90C383ABD29): 45
LogDevObjectVersion:   Dev-Sequencer (7B5AE74C-D270-4C10-A958-57980B212A5A): 13
LogDevObjectVersion:   Dev-VR (D7296918-1DD6-4BDD-9DE2-64A83CC13884): 3
LogDevObjectVersion:   Dev-LoadTimes (C2A15278-BFE7-4AFE-6C17-90FF531DF755): 1
LogDevObjectVersion:   Private-Geometry (6EACA3D4-40EC-4CC1-B786-8BED09428FC5): 3
LogDevObjectVersion:   Dev-AnimPhys (29E575DD-E0A3-4627-9D10-D276232CDCEA): 17
LogDevObjectVersion:   Dev-Anim (AF43A65D-7FD3-4947-9873-3E8ED9C1BB05): 15
LogDevObjectVersion:   Dev-ReflectionCapture (6B266CEC-1EC7-4B8F-A30B-E4D90942FC07): 1
LogDevObjectVersion:   Dev-Automation (0DF73D61-A23F-47EA-B727-89E90C41499A): 1
LogDevObjectVersion:   FortniteMain (601D1886-AC64-4F84-AA16-D3DE0DEAC7D6): 47
LogDevObjectVersion:   FortniteRelease (E7086368-6B23-4C58-8439-1B7016265E91): 1
LogDevObjectVersion:   Dev-Enterprise (9DFFBCD6-494F-0158-E221-12823C92A888): 10
LogDevObjectVersion:   Dev-Niagara (F2AED0AC-9AFE-416F-8664-AA7FFA26D6FC): 1
LogDevObjectVersion:   Dev-Destruction (174F1F0B-B4C6-45A5-B13F-2EE8D0FB917D): 10
LogDevObjectVersion:   Dev-Physics-Ext (35F94A83-E258-406C-A318-09F59610247C): 41
LogDevObjectVersion:   Dev-PhysicsMaterial-Chaos (B68FC16E-8B1B-42E2-B453-215C058844FE): 1
LogDevObjectVersion:   Dev-CineCamera (B2E18506-4273-CFC2-A54E-F4BB758BBA07): 1
LogDevObjectVersion:   Dev-VirtualProduction (64F58936-FD1B-42BA-BA96-7289D5D0FA4E): 1
LogDevObjectVersion:   Dev-MediaFramework (6F0ED827-A609-4895-9C91-998D90180EA4): 2
LogInit: Presizing for max 25165824 objects, including 0 objects not considered by GC, pre-allocating 0 bytes for permanent pool.
LogConfig: Applying CVar settings from Section [/Script/Engine.StreamingSettings] File [C:/Users/20030/OneDrive/ドキュメント/Unreal Projects/Unreal/uekaragame/Saved/Config/Windows/Engine.ini]
LogConfig: Setting CVar [[s.MinBulkDataSizeForAsyncLoading:131072]]
LogConfig: Setting CVar [[s.AsyncLoadingThreadEnabled:0]]
LogConfig: Setting CVar [[s.EventDrivenLoaderEnabled:1]]
LogConfig: Setting CVar [[s.WarnIfTimeLimitExceeded:0]]
LogConfig: Setting CVar [[s.TimeLimitExceededMultiplier:1.5]]
LogConfig: Setting CVar [[s.TimeLimitExceededMinTime:0.005]]
LogConfig: Setting CVar [[s.UseBackgroundLevelStreaming:1]]
LogConfig: Setting CVar [[s.PriorityAsyncLoadingExtraTime:15.0]]
LogConfig: Setting CVar [[s.LevelStreamingActorsUpdateTimeLimit:5.0]]
LogConfig: Setting CVar [[s.PriorityLevelStreamingActorsUpdateExtraTime:5.0]]
LogConfig: Setting CVar [[s.LevelStreamingComponentsRegistrationGranularity:10]]
LogConfig: Setting CVar [[s.UnregisterComponentsTimeLimit:1.0]]
LogConfig: Setting CVar [[s.LevelStreamingComponentsUnregistrationGranularity:5]]
LogConfig: Setting CVar [[s.FlushStreamingOnExit:1]]
LogInit: Object subsystem initialized
LogConfig: Setting CVar [[con.DebugEarlyDefault:1]]
LogConfig: Setting CVar [[r.setres:1280x720]]
[2023.02.06-15.40.10:903][  0]LogConfig: Setting CVar [[r.VSync:0]]
[2023.02.06-15.40.10:903][  0]LogConfig: Setting CVar [[r.RHICmdBypass:0]]
[2023.02.06-15.40.10:903][  0]LogConfig: Applying CVar settings from Section [/Script/Engine.RendererSettings] File [C:/Users/20030/OneDrive/ドキュメント/Unreal Projects/Unreal/uekaragame/Saved/Config/Windows/Engine.ini]
[2023.02.06-15.40.10:903][  0]LogConfig: Setting CVar [[r.GPUCrashDebugging:0]]
[2023.02.06-15.40.10:903][  0]LogConfig: Applying CVar settings from Section [/Script/Engine.RendererOverrideSettings] File [C:/Users/20030/OneDrive/ドキュメント/Unreal Projects/Unreal/uekaragame/Saved/Config/Windows/Engine.ini]
[2023.02.06-15.40.10:903][  0]LogConfig: Applying CVar settings from Section [/Script/Engine.StreamingSettings] File [C:/Users/20030/OneDrive/ドキュメント/Unreal Projects/Unreal/uekaragame/Saved/Config/Windows/Engine.ini]
[2023.02.06-15.40.10:903][  0]LogConfig: Setting CVar [[s.MinBulkDataSizeForAsyncLoading:131072]]
[2023.02.06-15.40.10:903][  0]LogConfig: Setting CVar [[s.AsyncLoadingThreadEnabled:0]]
[2023.02.06-15.40.10:903][  0]LogConfig: Setting CVar [[s.EventDrivenLoaderEnabled:1]]
[2023.02.06-15.40.10:903][  0]LogConfig: Setting CVar [[s.WarnIfTimeLimitExceeded:0]]
[2023.02.06-15.40.10:903][  0]LogConfig: Setting CVar [[s.TimeLimitExceededMultiplier:1.5]]
[2023.02.06-15.40.10:903][  0]LogConfig: Setting CVar [[s.TimeLimitExceededMinTime:0.005]]
[2023.02.06-15.40.10:903][  0]LogConfig: Setting CVar [[s.UseBackgroundLevelStreaming:1]]
[2023.02.06-15.40.10:903][  0]LogConfig: Setting CVar [[s.PriorityAsyncLoadingExtraTime:15.0]]
[2023.02.06-15.40.10:903][  0]LogConfig: Setting CVar [[s.LevelStreamingActorsUpdateTimeLimit:5.0]]
[2023.02.06-15.40.10:903][  0]LogConfig: Setting CVar [[s.PriorityLevelStreamingActorsUpdateExtraTime:5.0]]
[2023.02.06-15.40.10:903][  0]LogConfig: Setting CVar [[s.LevelStreamingComponentsRegistrationGranularity:10]]
[2023.02.06-15.40.10:903][  0]LogConfig: Setting CVar [[s.UnregisterComponentsTimeLimit:1.0]]
[2023.02.06-15.40.10:903][  0]LogConfig: Setting CVar [[s.LevelStreamingComponentsUnregistrationGranularity:5]]
[2023.02.06-15.40.10:903][  0]LogConfig: Setting CVar [[s.FlushStreamingOnExit:1]]
[2023.02.06-15.40.10:903][  0]LogConfig: Applying CVar settings from Section [/Script/Engine.GarbageCollectionSettings] File [C:/Users/20030/OneDrive/ドキュメント/Unreal Projects/Unreal/uekaragame/Saved/Config/Windows/Engine.ini]
[2023.02.06-15.40.10:903][  0]LogConfig: Setting CVar [[gc.MaxObjectsNotConsideredByGC:1]]
[2023.02.06-15.40.10:903][  0]LogConfig: Setting CVar [[gc.SizeOfPermanentObjectPool:0]]
[2023.02.06-15.40.10:903][  0]LogConfig: Setting CVar [[gc.FlushStreamingOnGC:0]]
[2023.02.06-15.40.10:903][  0]LogConfig: Setting CVar [[gc.NumRetriesBeforeForcingGC:10]]
[2023.02.06-15.40.10:903][  0]LogConfig: Setting CVar [[gc.AllowParallelGC:1]]
[2023.02.06-15.40.10:903][  0]LogConfig: Setting CVar [[gc.TimeBetweenPurgingPendingKillObjects:61.1]]
[2023.02.06-15.40.10:903][  0]LogConfig: Setting CVar [[gc.MaxObjectsInEditor:25165824]]
[2023.02.06-15.40.10:903][  0]LogConfig: Setting CVar [[gc.IncrementalBeginDestroyEnabled:1]]
[2023.02.06-15.40.10:903][  0]LogConfig: Setting CVar [[gc.CreateGCClusters:1]]
[2023.02.06-15.40.10:903][  0]LogConfig: Setting CVar [[gc.MinGCClusterSize:5]]
[2023.02.06-15.40.10:904][  0]LogConfig: Setting CVar [[gc.ActorClusteringEnabled:0]]
[2023.02.06-15.40.10:904][  0]LogConfig: Setting CVar [[gc.BlueprintClusteringEnabled:0]]
[2023.02.06-15.40.10:904][  0]LogConfig: Setting CVar [[gc.UseDisregardForGCOnDedicatedServers:0]]
[2023.02.06-15.40.10:904][  0]LogConfig: Setting CVar [[gc.MultithreadedDestructionEnabled:1]]
[2023.02.06-15.40.10:904][  0]LogConfig: Applying CVar settings from Section [/Script/Engine.NetworkSettings] File [C:/Users/20030/OneDrive/ドキュメント/Unreal Projects/Unreal/uekaragame/Saved/Config/Windows/Engine.ini]
[2023.02.06-15.40.10:904][  0]LogConfig: Applying CVar settings from Section [/Script/UnrealEd.CookerSettings] File [C:/Users/20030/OneDrive/ドキュメント/Unreal Projects/Unreal/uekaragame/Saved/Config/Windows/Engine.ini]
[2023.02.06-15.40.10:921][  0]LogConfig: Applying CVar settings from Section [ViewDistanceQuality@3] File [C:/Users/20030/OneDrive/ドキュメント/Unreal Projects/Unreal/uekaragame/Saved/Config/Windows/Scalability.ini]
[2023.02.06-15.40.10:921][  0]LogConfig: Setting CVar [[r.SkeletalMeshLODBias:0]]
[2023.02.06-15.40.10:921][  0]LogConfig: Setting CVar [[r.ViewDistanceScale:1.0]]
[2023.02.06-15.40.10:921][  0]LogConfig: Applying CVar settings from Section [AntiAliasingQuality@3] File [C:/Users/20030/OneDrive/ドキュメント/Unreal Projects/Unreal/uekaragame/Saved/Config/Windows/Scalability.ini]
[2023.02.06-15.40.10:921][  0]LogConfig: Setting CVar [[r.PostProcessAAQuality:4]]
[2023.02.06-15.40.10:921][  0]LogConfig: Applying CVar settings from Section [ShadowQuality@3] File [C:/Users/20030/OneDrive/ドキュメント/Unreal Projects/Unreal/uekaragame/Saved/Config/Windows/Scalability.ini]
[2023.02.06-15.40.10:921][  0]LogConfig: Setting CVar [[r.LightFunctionQuality:1]]
[2023.02.06-15.40.10:921][  0]LogConfig: Setting CVar [[r.ShadowQuality:5]]
[2023.02.06-15.40.10:921][  0]LogConfig: Setting CVar [[r.Shadow.CSM.MaxCascades:10]]
[2023.02.06-15.40.10:921][  0]LogConfig: Setting CVar [[r.Shadow.MaxResolution:2048]]
[2023.02.06-15.40.10:921][  0]LogConfig: Setting CVar [[r.Shadow.MaxCSMResolution:2048]]
[2023.02.06-15.40.10:921][  0]LogConfig: Setting CVar [[r.Shadow.RadiusThreshold:0.01]]
[2023.02.06-15.40.10:921][  0]LogConfig: Setting CVar [[r.Shadow.DistanceScale:1.0]]
[2023.02.06-15.40.10:921][  0]LogConfig: Setting CVar [[r.Shadow.CSM.TransitionScale:1.0]]
[2023.02.06-15.40.10:921][  0]LogConfig: Setting CVar [[r.Shadow.PreShadowResolutionFactor:1.0]]
[2023.02.06-15.40.10:921][  0]LogConfig: Setting CVar [[r.DistanceFieldShadowing:1]]
[2023.02.06-15.40.10:921][  0]LogConfig: Setting CVar [[r.DistanceFieldAO:1]]
[2023.02.06-15.40.10:921][  0]LogConfig: Setting CVar [[r.AOQuality:2]]
[2023.02.06-15.40.10:921][  0]LogConfig: Setting CVar [[r.VolumetricFog:1]]
[2023.02.06-15.40.10:921][  0]LogConfig: Setting CVar [[r.VolumetricFog.GridPixelSize:8]]
[2023.02.06-15.40.10:921][  0]LogConfig: Setting CVar [[r.VolumetricFog.GridSizeZ:128]]
[2023.02.06-15.40.10:921][  0]LogConfig: Setting CVar [[r.VolumetricFog.HistoryMissSupersampleCount:4]]
[2023.02.06-15.40.10:921][  0]LogConfig: Setting CVar [[r.LightMaxDrawDistanceScale:1]]
[2023.02.06-15.40.10:921][  0]LogConfig: Setting CVar [[r.CapsuleShadows:1]]
[2023.02.06-15.40.10:921][  0]LogConfig: Applying CVar settings from Section [PostProcessQuality@3] File [C:/Users/20030/OneDrive/ドキュメント/Unreal Projects/Unreal/uekaragame/Saved/Config/Windows/Scalability.ini]
[2023.02.06-15.40.10:921][  0]LogConfig: Setting CVar [[r.MotionBlurQuality:4]]
[2023.02.06-15.40.10:921][  0]LogConfig: Setting CVar [[r.AmbientOcclusionMipLevelFactor:0.4]]
[2023.02.06-15.40.10:921][  0]LogConfig: Setting CVar [[r.AmbientOcclusionMaxQuality:100]]
[2023.02.06-15.40.10:921][  0]LogConfig: Setting CVar [[r.AmbientOcclusionLevels:-1]]
[2023.02.06-15.40.10:921][  0]LogConfig: Setting CVar [[r.AmbientOcclusionRadiusScale:1.0]]
[2023.02.06-15.40.10:921][  0]LogConfig: Setting CVar [[r.DepthOfFieldQuality:2]]
[2023.02.06-15.40.10:921][  0]LogConfig: Setting CVar [[r.RenderTargetPoolMin:400]]
[2023.02.06-15.40.10:921][  0]LogConfig: Setting CVar [[r.LensFlareQuality:2]]
[2023.02.06-15.40.10:921][  0]LogConfig: Setting CVar [[r.SceneColorFringeQuality:1]]
[2023.02.06-15.40.10:921][  0]LogConfig: Setting CVar [[r.EyeAdaptationQuality:2]]
[2023.02.06-15.40.10:921][  0]LogConfig: Setting CVar [[r.BloomQuality:5]]
[2023.02.06-15.40.10:921][  0]LogConfig: Setting CVar [[r.FastBlurThreshold:100]]
[2023.02.06-15.40.10:921][  0]LogConfig: Setting CVar [[r.Upscale.Quality:3]]
[2023.02.06-15.40.10:921][  0]LogConfig: Setting CVar [[r.Tonemapper.GrainQuantization:1]]
[2023.02.06-15.40.10:921][  0]LogConfig: Setting CVar [[r.LightShaftQuality:1]]
[2023.02.06-15.40.10:921][  0]LogConfig: Setting CVar [[r.Filter.SizeScale:1]]
[2023.02.06-15.40.10:921][  0]LogConfig: Setting CVar [[r.Tonemapper.Quality:5]]
[2023.02.06-15.40.10:921][  0]LogConfig: Setting CVar [[r.DOF.Gather.AccumulatorQuality:1        ; higher gathering accumulator quality]]
[2023.02.06-15.40.10:921][  0]LogConfig: Setting CVar [[r.DOF.Gather.PostfilterMethod:1          ; Median3x3 postfilering method]]
[2023.02.06-15.40.10:921][  0]LogConfig: Setting CVar [[r.DOF.Gather.EnableBokehSettings:0       ; no bokeh simulation when gathering]]
[2023.02.06-15.40.10:921][  0]LogConfig: Setting CVar [[r.DOF.Gather.RingCount:4                 ; medium number of samples when gathering]]
[2023.02.06-15.40.10:921][  0]LogConfig: Setting CVar [[r.DOF.Scatter.ForegroundCompositing:1    ; additive foreground scattering]]
[2023.02.06-15.40.10:922][  0]LogConfig: Setting CVar [[r.DOF.Scatter.BackgroundCompositing:2    ; additive background scattering]]
[2023.02.06-15.40.10:922][  0]LogConfig: Setting CVar [[r.DOF.Scatter.EnableBokehSettings:1      ; bokeh simulation when scattering]]
[2023.02.06-15.40.10:922][  0]LogConfig: Setting CVar [[r.DOF.Scatter.MaxSpriteRatio:0.1         ; only a maximum of 10% of scattered bokeh]]
[2023.02.06-15.40.10:922][  0]LogConfig: Setting CVar [[r.DOF.Recombine.Quality:1                ; cheap slight out of focus]]
[2023.02.06-15.40.10:922][  0]LogConfig: Setting CVar [[r.DOF.Recombine.EnableBokehSettings:0    ; no bokeh simulation on slight out of focus]]
[2023.02.06-15.40.10:922][  0]LogConfig: Setting CVar [[r.DOF.TemporalAAQuality:1                ; more stable temporal accumulation]]
[2023.02.06-15.40.10:922][  0]LogConfig: Setting CVar [[r.DOF.Kernel.MaxForegroundRadius:0.025]]
[2023.02.06-15.40.10:922][  0]LogConfig: Setting CVar [[r.DOF.Kernel.MaxBackgroundRadius:0.025]]
[2023.02.06-15.40.10:922][  0]LogConfig: Applying CVar settings from Section [TextureQuality@3] File [C:/Users/20030/OneDrive/ドキュメント/Unreal Projects/Unreal/uekaragame/Saved/Config/Windows/Scalability.ini]
[2023.02.06-15.40.10:922][  0]LogConfig: Setting CVar [[r.Streaming.MipBias:0]]
[2023.02.06-15.40.10:922][  0]LogConfig: Setting CVar [[r.Streaming.AmortizeCPUToGPUCopy:0]]
[2023.02.06-15.40.10:922][  0]LogConfig: Setting CVar [[r.Streaming.MaxNumTexturesToStreamPerFrame:0]]
[2023.02.06-15.40.10:922][  0]LogConfig: Setting CVar [[r.Streaming.Boost:1]]
[2023.02.06-15.40.10:922][  0]LogConfig: Setting CVar [[r.MaxAnisotropy:8]]
[2023.02.06-15.40.10:922][  0]LogConfig: Setting CVar [[r.VT.MaxAnisotropy:8]]
[2023.02.06-15.40.10:922][  0]LogConfig: Setting CVar [[r.Streaming.LimitPoolSizeToVRAM:0]]
[2023.02.06-15.40.10:922][  0]LogConfig: Setting CVar [[r.Streaming.PoolSize:1000]]
[2023.02.06-15.40.10:922][  0]LogConfig: Setting CVar [[r.Streaming.MaxEffectiveScreenSize:0]]
[2023.02.06-15.40.10:922][  0]LogConfig: Applying CVar settings from Section [EffectsQuality@3] File [C:/Users/20030/OneDrive/ドキュメント/Unreal Projects/Unreal/uekaragame/Saved/Config/Windows/Scalability.ini]
[2023.02.06-15.40.10:922][  0]LogConfig: Setting CVar [[r.TranslucencyLightingVolumeDim:64]]
[2023.02.06-15.40.10:922][  0]LogConfig: Setting CVar [[r.RefractionQuality:2]]
[2023.02.06-15.40.10:922][  0]LogConfig: Setting CVar [[r.SSR.Quality:3]]
[2023.02.06-15.40.10:922][  0]LogConfig: Setting CVar [[r.SSR.HalfResSceneColor:0]]
[2023.02.06-15.40.10:922][  0]LogConfig: Setting CVar [[r.SceneColorFormat:4]]
[2023.02.06-15.40.10:922][  0]LogConfig: Setting CVar [[r.DetailMode:2]]
[2023.02.06-15.40.10:922][  0]LogConfig: Setting CVar [[r.TranslucencyVolumeBlur:1]]
[2023.02.06-15.40.10:922][  0]LogConfig: Setting CVar [[r.MaterialQualityLevel:1 ; High quality]]
[2023.02.06-15.40.10:922][  0]LogConfig: Setting CVar [[r.AnisotropicMaterials:1]]
[2023.02.06-15.40.10:922][  0]LogConfig: Setting CVar [[r.SSS.Scale:1]]
[2023.02.06-15.40.10:922][  0]LogConfig: Setting CVar [[r.SSS.SampleSet:2]]
[2023.02.06-15.40.10:922][  0]LogConfig: Setting CVar [[r.SSS.Quality:1]]
[2023.02.06-15.40.10:922][  0]LogConfig: Setting CVar [[r.SSS.HalfRes:0]]
[2023.02.06-15.40.10:922][  0]LogConfig: Setting CVar [[r.SSGI.Quality:3]]
[2023.02.06-15.40.10:922][  0]LogConfig: Setting CVar [[r.EmitterSpawnRateScale:1.0]]
[2023.02.06-15.40.10:922][  0]LogConfig: Setting CVar [[r.ParticleLightQuality:2]]
[2023.02.06-15.40.10:922][  0]LogConfig: Setting CVar [[r.SkyAtmosphere.AerialPerspectiveLUT.FastApplyOnOpaque:1 ; Always have FastSkyLUT 1 in this case to avoid wrong sky]]
[2023.02.06-15.40.10:922][  0]LogConfig: Setting CVar [[r.SkyAtmosphere.AerialPerspectiveLUT.SampleCountMaxPerSlice:4]]
[2023.02.06-15.40.10:922][  0]LogConfig: Setting CVar [[r.SkyAtmosphere.AerialPerspectiveLUT.DepthResolution:16.0]]
[2023.02.06-15.40.10:922][  0]LogConfig: Setting CVar [[r.SkyAtmosphere.FastSkyLUT:1]]
[2023.02.06-15.40.10:922][  0]LogConfig: Setting CVar [[r.SkyAtmosphere.FastSkyLUT.SampleCountMin:4.0]]
[2023.02.06-15.40.10:922][  0]LogConfig: Setting CVar [[r.SkyAtmosphere.FastSkyLUT.SampleCountMax:128.0]]
[2023.02.06-15.40.10:922][  0]LogConfig: Setting CVar [[r.SkyAtmosphere.SampleCountMin:4.0]]
[2023.02.06-15.40.10:922][  0]LogConfig: Setting CVar [[r.SkyAtmosphere.SampleCountMax:128.0]]
[2023.02.06-15.40.10:922][  0]LogConfig: Setting CVar [[r.SkyAtmosphere.TransmittanceLUT.UseSmallFormat:0]]
[2023.02.06-15.40.10:922][  0]LogConfig: Setting CVar [[r.SkyAtmosphere.TransmittanceLUT.SampleCount:10.0]]
[2023.02.06-15.40.10:922][  0]LogConfig: Setting CVar [[r.SkyAtmosphere.MultiScatteringLUT.SampleCount:15.0]]
[2023.02.06-15.40.10:922][  0]LogConfig: Setting CVar [[r.SkyLight.RealTimeReflectionCapture:1]]
[2023.02.06-15.40.10:922][  0]LogConfig: Applying CVar settings from Section [FoliageQuality@3] File [C:/Users/20030/OneDrive/ドキュメント/Unreal Projects/Unreal/uekaragame/Saved/Config/Windows/Scalability.ini]
[2023.02.06-15.40.10:922][  0]LogConfig: Setting CVar [[foliage.DensityScale:1.0]]
[2023.02.06-15.40.10:922][  0]LogConfig: Setting CVar [[grass.DensityScale:1.0]]
[2023.02.06-15.40.10:922][  0]LogConfig: Applying CVar settings from Section [ShadingQuality@3] File [C:/Users/20030/OneDrive/ドキュメント/Unreal Projects/Unreal/uekaragame/Saved/Config/Windows/Scalability.ini]
[2023.02.06-15.40.10:922][  0]LogConfig: Setting CVar [[r.HairStrands.SkyLighting.IntegrationType:2]]
[2023.02.06-15.40.10:922][  0]LogConfig: Setting CVar [[r.HairStrands.SkyAO.SampleCount:4]]
[2023.02.06-15.40.10:922][  0]LogConfig: Setting CVar [[r.HairStrands.Visibility.MSAA.SamplePerPixel:4]]
[2023.02.06-15.40.10:922][  0]LogInit: Selected Device Profile: [Windows]
[2023.02.06-15.40.10:922][  0]LogInit: Applying CVar settings loaded from the selected device profile: [Windows]
[2023.02.06-15.40.10:922][  0]LogHAL: Display: Platform has ~ 16 GB [17108447232 / 17179869184 / 16], which maps to Larger [LargestMinGB=32, LargerMinGB=12, DefaultMinGB=8, SmallerMinGB=6, SmallestMinGB=0)
[2023.02.06-15.40.10:922][  0]LogInit: Going up to parent DeviceProfile []
[2023.02.06-15.40.10:922][  0]LogConfig: Applying CVar settings from Section [ViewDistanceQuality@3] File [C:/Users/20030/OneDrive/ドキュメント/Unreal Projects/Unreal/uekaragame/Saved/Config/Windows/Scalability.ini]
[2023.02.06-15.40.10:922][  0]LogConfig: Setting CVar [[r.SkeletalMeshLODBias:0]]
[2023.02.06-15.40.10:922][  0]LogConfig: Setting CVar [[r.ViewDistanceScale:1.0]]
[2023.02.06-15.40.10:922][  0]LogConfig: Applying CVar settings from Section [AntiAliasingQuality@3] File [C:/Users/20030/OneDrive/ドキュメント/Unreal Projects/Unreal/uekaragame/Saved/Config/Windows/Scalability.ini]
[2023.02.06-15.40.10:922][  0]LogConfig: Setting CVar [[r.PostProcessAAQuality:4]]
[2023.02.06-15.40.10:922][  0]LogConfig: Applying CVar settings from Section [ShadowQuality@3] File [C:/Users/20030/OneDrive/ドキュメント/Unreal Projects/Unreal/uekaragame/Saved/Config/Windows/Scalability.ini]
[2023.02.06-15.40.10:922][  0]LogConfig: Setting CVar [[r.LightFunctionQuality:1]]
[2023.02.06-15.40.10:922][  0]LogConfig: Setting CVar [[r.ShadowQuality:5]]
[2023.02.06-15.40.10:922][  0]LogConfig: Setting CVar [[r.Shadow.CSM.MaxCascades:10]]
[2023.02.06-15.40.10:922][  0]LogConfig: Setting CVar [[r.Shadow.MaxResolution:2048]]
[2023.02.06-15.40.10:922][  0]LogConfig: Setting CVar [[r.Shadow.MaxCSMResolution:2048]]
[2023.02.06-15.40.10:922][  0]LogConfig: Setting CVar [[r.Shadow.RadiusThreshold:0.01]]
[2023.02.06-15.40.10:922][  0]LogConfig: Setting CVar [[r.Shadow.DistanceScale:1.0]]
[2023.02.06-15.40.10:922][  0]LogConfig: Setting CVar [[r.Shadow.CSM.TransitionScale:1.0]]
[2023.02.06-15.40.10:922][  0]LogConfig: Setting CVar [[r.Shadow.PreShadowResolutionFactor:1.0]]
[2023.02.06-15.40.10:922][  0]LogConfig: Setting CVar [[r.DistanceFieldShadowing:1]]
[2023.02.06-15.40.10:922][  0]LogConfig: Setting CVar [[r.DistanceFieldAO:1]]
[2023.02.06-15.40.10:922][  0]LogConfig: Setting CVar [[r.AOQuality:2]]
[2023.02.06-15.40.10:922][  0]LogConfig: Setting CVar [[r.VolumetricFog:1]]
[2023.02.06-15.40.10:923][  0]LogConfig: Setting CVar [[r.VolumetricFog.GridPixelSize:8]]
[2023.02.06-15.40.10:923][  0]LogConfig: Setting CVar [[r.VolumetricFog.GridSizeZ:128]]
[2023.02.06-15.40.10:923][  0]LogConfig: Setting CVar [[r.VolumetricFog.HistoryMissSupersampleCount:4]]
[2023.02.06-15.40.10:923][  0]LogConfig: Setting CVar [[r.LightMaxDrawDistanceScale:1]]
[2023.02.06-15.40.10:923][  0]LogConfig: Setting CVar [[r.CapsuleShadows:1]]
[2023.02.06-15.40.10:923][  0]LogConfig: Applying CVar settings from Section [PostProcessQuality@3] File [C:/Users/20030/OneDrive/ドキュメント/Unreal Projects/Unreal/uekaragame/Saved/Config/Windows/Scalability.ini]
[2023.02.06-15.40.10:923][  0]LogConfig: Setting CVar [[r.MotionBlurQuality:4]]
[2023.02.06-15.40.10:923][  0]LogConfig: Setting CVar [[r.AmbientOcclusionMipLevelFactor:0.4]]
[2023.02.06-15.40.10:923][  0]LogConfig: Setting CVar [[r.AmbientOcclusionMaxQuality:100]]
[2023.02.06-15.40.10:923][  0]LogConfig: Setting CVar [[r.AmbientOcclusionLevels:-1]]
[2023.02.06-15.40.10:923][  0]LogConfig: Setting CVar [[r.AmbientOcclusionRadiusScale:1.0]]
[2023.02.06-15.40.10:923][  0]LogConfig: Setting CVar [[r.DepthOfFieldQuality:2]]
[2023.02.06-15.40.10:923][  0]LogConfig: Setting CVar [[r.RenderTargetPoolMin:400]]
[2023.02.06-15.40.10:923][  0]LogConfig: Setting CVar [[r.LensFlareQuality:2]]
[2023.02.06-15.40.10:923][  0]LogConfig: Setting CVar [[r.SceneColorFringeQuality:1]]
[2023.02.06-15.40.10:923][  0]LogConfig: Setting CVar [[r.EyeAdaptationQuality:2]]
[2023.02.06-15.40.10:923][  0]LogConfig: Setting CVar [[r.BloomQuality:5]]
[2023.02.06-15.40.10:923][  0]LogConfig: Setting CVar [[r.FastBlurThreshold:100]]
[2023.02.06-15.40.10:923][  0]LogConfig: Setting CVar [[r.Upscale.Quality:3]]
[2023.02.06-15.40.10:923][  0]LogConfig: Setting CVar [[r.Tonemapper.GrainQuantization:1]]
[2023.02.06-15.40.10:923][  0]LogConfig: Setting CVar [[r.LightShaftQuality:1]]
[2023.02.06-15.40.10:923][  0]LogConfig: Setting CVar [[r.Filter.SizeScale:1]]
[2023.02.06-15.40.10:923][  0]LogConfig: Setting CVar [[r.Tonemapper.Quality:5]]
[2023.02.06-15.40.10:923][  0]LogConfig: Setting CVar [[r.DOF.Gather.AccumulatorQuality:1        ; higher gathering accumulator quality]]
[2023.02.06-15.40.10:923][  0]LogConfig: Setting CVar [[r.DOF.Gather.PostfilterMethod:1          ; Median3x3 postfilering method]]
[2023.02.06-15.40.10:923][  0]LogConfig: Setting CVar [[r.DOF.Gather.EnableBokehSettings:0       ; no bokeh simulation when gathering]]
[2023.02.06-15.40.10:923][  0]LogConfig: Setting CVar [[r.DOF.Gather.RingCount:4                 ; medium number of samples when gathering]]
[2023.02.06-15.40.10:923][  0]LogConfig: Setting CVar [[r.DOF.Scatter.ForegroundCompositing:1    ; additive foreground scattering]]
[2023.02.06-15.40.10:923][  0]LogConfig: Setting CVar [[r.DOF.Scatter.BackgroundCompositing:2    ; additive background scattering]]
[2023.02.06-15.40.10:923][  0]LogConfig: Setting CVar [[r.DOF.Scatter.EnableBokehSettings:1      ; bokeh simulation when scattering]]
[2023.02.06-15.40.10:923][  0]LogConfig: Setting CVar [[r.DOF.Scatter.MaxSpriteRatio:0.1         ; only a maximum of 10% of scattered bokeh]]
[2023.02.06-15.40.10:923][  0]LogConfig: Setting CVar [[r.DOF.Recombine.Quality:1                ; cheap slight out of focus]]
[2023.02.06-15.40.10:923][  0]LogConfig: Setting CVar [[r.DOF.Recombine.EnableBokehSettings:0    ; no bokeh simulation on slight out of focus]]
[2023.02.06-15.40.10:923][  0]LogConfig: Setting CVar [[r.DOF.TemporalAAQuality:1                ; more stable temporal accumulation]]
[2023.02.06-15.40.10:923][  0]LogConfig: Setting CVar [[r.DOF.Kernel.MaxForegroundRadius:0.025]]
[2023.02.06-15.40.10:923][  0]LogConfig: Setting CVar [[r.DOF.Kernel.MaxBackgroundRadius:0.025]]
[2023.02.06-15.40.10:923][  0]LogConfig: Applying CVar settings from Section [TextureQuality@3] File [C:/Users/20030/OneDrive/ドキュメント/Unreal Projects/Unreal/uekaragame/Saved/Config/Windows/Scalability.ini]
[2023.02.06-15.40.10:923][  0]LogConfig: Setting CVar [[r.Streaming.MipBias:0]]
[2023.02.06-15.40.10:923][  0]LogConfig: Setting CVar [[r.Streaming.AmortizeCPUToGPUCopy:0]]
[2023.02.06-15.40.10:923][  0]LogConfig: Setting CVar [[r.Streaming.MaxNumTexturesToStreamPerFrame:0]]
[2023.02.06-15.40.10:923][  0]LogConfig: Setting CVar [[r.Streaming.Boost:1]]
[2023.02.06-15.40.10:923][  0]LogConfig: Setting CVar [[r.MaxAnisotropy:8]]
[2023.02.06-15.40.10:923][  0]LogConfig: Setting CVar [[r.VT.MaxAnisotropy:8]]
[2023.02.06-15.40.10:923][  0]LogConfig: Setting CVar [[r.Streaming.LimitPoolSizeToVRAM:0]]
[2023.02.06-15.40.10:923][  0]LogConfig: Setting CVar [[r.Streaming.PoolSize:1000]]
[2023.02.06-15.40.10:923][  0]LogConfig: Setting CVar [[r.Streaming.MaxEffectiveScreenSize:0]]
[2023.02.06-15.40.10:923][  0]LogConfig: Applying CVar settings from Section [EffectsQuality@3] File [C:/Users/20030/OneDrive/ドキュメント/Unreal Projects/Unreal/uekaragame/Saved/Config/Windows/Scalability.ini]
[2023.02.06-15.40.10:923][  0]LogConfig: Setting CVar [[r.TranslucencyLightingVolumeDim:64]]
[2023.02.06-15.40.10:923][  0]LogConfig: Setting CVar [[r.RefractionQuality:2]]
[2023.02.06-15.40.10:923][  0]LogConfig: Setting CVar [[r.SSR.Quality:3]]
[2023.02.06-15.40.10:923][  0]LogConfig: Setting CVar [[r.SSR.HalfResSceneColor:0]]
[2023.02.06-15.40.10:923][  0]LogConfig: Setting CVar [[r.SceneColorFormat:4]]
[2023.02.06-15.40.10:923][  0]LogConfig: Setting CVar [[r.DetailMode:2]]
[2023.02.06-15.40.10:923][  0]LogConfig: Setting CVar [[r.TranslucencyVolumeBlur:1]]
[2023.02.06-15.40.10:923][  0]LogConfig: Setting CVar [[r.MaterialQualityLevel:1 ; High quality]]
[2023.02.06-15.40.10:923][  0]LogConfig: Setting CVar [[r.AnisotropicMaterials:1]]
[2023.02.06-15.40.10:923][  0]LogConfig: Setting CVar [[r.SSS.Scale:1]]
[2023.02.06-15.40.10:923][  0]LogConfig: Setting CVar [[r.SSS.SampleSet:2]]
[2023.02.06-15.40.10:923][  0]LogConfig: Setting CVar [[r.SSS.Quality:1]]
[2023.02.06-15.40.10:923][  0]LogConfig: Setting CVar [[r.SSS.HalfRes:0]]
[2023.02.06-15.40.10:923][  0]LogConfig: Setting CVar [[r.SSGI.Quality:3]]
[2023.02.06-15.40.10:923][  0]LogConfig: Setting CVar [[r.EmitterSpawnRateScale:1.0]]
[2023.02.06-15.40.10:923][  0]LogConfig: Setting CVar [[r.ParticleLightQuality:2]]
[2023.02.06-15.40.10:923][  0]LogConfig: Setting CVar [[r.SkyAtmosphere.AerialPerspectiveLUT.FastApplyOnOpaque:1 ; Always have FastSkyLUT 1 in this case to avoid wrong sky]]
[2023.02.06-15.40.10:923][  0]LogConfig: Setting CVar [[r.SkyAtmosphere.AerialPerspectiveLUT.SampleCountMaxPerSlice:4]]
[2023.02.06-15.40.10:923][  0]LogConfig: Setting CVar [[r.SkyAtmosphere.AerialPerspectiveLUT.DepthResolution:16.0]]
[2023.02.06-15.40.10:923][  0]LogConfig: Setting CVar [[r.SkyAtmosphere.FastSkyLUT:1]]
[2023.02.06-15.40.10:923][  0]LogConfig: Setting CVar [[r.SkyAtmosphere.FastSkyLUT.SampleCountMin:4.0]]
[2023.02.06-15.40.10:923][  0]LogConfig: Setting CVar [[r.SkyAtmosphere.FastSkyLUT.SampleCountMax:128.0]]
[2023.02.06-15.40.10:923][  0]LogConfig: Setting CVar [[r.SkyAtmosphere.SampleCountMin:4.0]]
[2023.02.06-15.40.10:923][  0]LogConfig: Setting CVar [[r.SkyAtmosphere.SampleCountMax:128.0]]
[2023.02.06-15.40.10:923][  0]LogConfig: Setting CVar [[r.SkyAtmosphere.TransmittanceLUT.UseSmallFormat:0]]
[2023.02.06-15.40.10:923][  0]LogConfig: Setting CVar [[r.SkyAtmosphere.TransmittanceLUT.SampleCount:10.0]]
[2023.02.06-15.40.10:923][  0]LogConfig: Setting CVar [[r.SkyAtmosphere.MultiScatteringLUT.SampleCount:15.0]]
[2023.02.06-15.40.10:923][  0]LogConfig: Setting CVar [[r.SkyLight.RealTimeReflectionCapture:1]]
[2023.02.06-15.40.10:923][  0]LogConfig: Applying CVar settings from Section [FoliageQuality@3] File [C:/Users/20030/OneDrive/ドキュメント/Unreal Projects/Unreal/uekaragame/Saved/Config/Windows/Scalability.ini]
[2023.02.06-15.40.10:923][  0]LogConfig: Setting CVar [[foliage.DensityScale:1.0]]
[2023.02.06-15.40.10:923][  0]LogConfig: Setting CVar [[grass.DensityScale:1.0]]
[2023.02.06-15.40.10:923][  0]LogConfig: Applying CVar settings from Section [ShadingQuality@3] File [C:/Users/20030/OneDrive/ドキュメント/Unreal Projects/Unreal/uekaragame/Saved/Config/Windows/Scalability.ini]
[2023.02.06-15.40.10:923][  0]LogConfig: Setting CVar [[r.HairStrands.SkyLighting.IntegrationType:2]]
[2023.02.06-15.40.10:923][  0]LogConfig: Setting CVar [[r.HairStrands.SkyAO.SampleCount:4]]
[2023.02.06-15.40.10:923][  0]LogConfig: Setting CVar [[r.HairStrands.Visibility.MSAA.SamplePerPixel:4]]
[2023.02.06-15.40.10:923][  0]LogConfig: Applying CVar settings from Section [Startup] File [../../../Engine/Config/ConsoleVariables.ini]
[2023.02.06-15.40.10:924][  0]LogConfig: Setting CVar [[net.UseAdaptiveNetUpdateFrequency:0]]
[2023.02.06-15.40.10:924][  0]LogConfig: Setting CVar [[p.chaos.AllowCreatePhysxBodies:1]]
[2023.02.06-15.40.10:924][  0]LogConfig: Setting CVar [[fx.SkipVectorVMBackendOptimizations:1]]
[2023.02.06-15.40.10:924][  0]LogConfig: Applying CVar settings from Section [ConsoleVariables] File [C:/Users/20030/OneDrive/ドキュメント/Unreal Projects/Unreal/uekaragame/Saved/Config/Windows/Engine.ini]
[2023.02.06-15.40.10:924][  0]LogConfig: Applying CVar settings from Section [ConsoleVariables] File [C:/Users/20030/OneDrive/ドキュメント/Unreal Projects/Unreal/uekaragame/Saved/Config/Windows/Editor.ini]
[2023.02.06-15.40.10:924][  0]LogInit: Computer: DESKTOP-AT6F0SM
[2023.02.06-15.40.10:924][  0]LogInit: User: 20030
[2023.02.06-15.40.10:924][  0]LogInit: CPU Page size=4096, Cores=6
[2023.02.06-15.40.10:924][  0]LogInit: High frequency timer resolution =10.000000 MHz
[2023.02.06-15.40.10:924][  0]LogMemory: Memory total: Physical=15.9GB (16GB approx)
[2023.02.06-15.40.10:924][  0]LogMemory: Platform Memory Stats for Windows
[2023.02.06-15.40.10:924][  0]LogMemory: Process Physical Memory: 144.89 MB used, 149.87 MB peak
[2023.02.06-15.40.10:924][  0]LogMemory: Process Virtual Memory: 114.06 MB used, 114.06 MB peak
[2023.02.06-15.40.10:924][  0]LogMemory: Physical Memory: 6942.31 MB used,  9373.57 MB free, 16315.89 MB total
[2023.02.06-15.40.10:924][  0]LogMemory: Virtual Memory: 134208384.00 MB used,  9340.88 MB free, 134217728.00 MB total
[2023.02.06-15.40.10:930][  0]LogWindows: WindowsPlatformFeatures enabled
[2023.02.06-15.40.10:980][  0]LogInit: Physics initialised using underlying interface: PhysX
[2023.02.06-15.40.10:981][  0]LogInit: Using OS detected language (ja-JP).
[2023.02.06-15.40.10:981][  0]LogInit: Using OS detected locale (ja-JP).
[2023.02.06-15.40.10:983][  0]LogTextLocalizationManager: No specific localization for 'ja-JP' exists, so the 'ja' localization will be used.
[2023.02.06-15.40.11:100][  0]LogInit: Setting process to per monitor DPI aware
[2023.02.06-15.40.11:113][  0]LogWindowsTextInputMethodSystem: Display: IME system deactivated.
[2023.02.06-15.40.11:128][  0]LogSlate: New Slate User Created.  User Index 0, Is Virtual User: 0
[2023.02.06-15.40.11:128][  0]LogSlate: Slate User Registered.  User Index 0, Is Virtual User: 0
[2023.02.06-15.40.11:348][  0]LogD3D11RHI: Loaded GFSDK_Aftermath_Lib.x64.dll
[2023.02.06-15.40.11:397][  0]LogHMD: Failed to initialize OpenVR with code 126
[2023.02.06-15.40.11:398][  0]LogD3D11RHI: D3D11 min allowed feature level: 11_0
[2023.02.06-15.40.11:398][  0]LogD3D11RHI: D3D11 max allowed feature level: 11_0
[2023.02.06-15.40.11:398][  0]LogD3D11RHI: D3D11 adapters:
[2023.02.06-15.40.11:515][  0]LogD3D11RHI:    0. 'NVIDIA GeForce GTX 1660 SUPER' (Feature Level 11_0)
[2023.02.06-15.40.11:515][  0]LogD3D11RHI:       5980/0/8157 MB DedicatedVideo/DedicatedSystem/SharedSystem, Outputs:1, VendorId:0x10de
[2023.02.06-15.40.11:518][  0]LogD3D11RHI:    1. 'Microsoft Basic Render Driver' (Feature Level 11_0)
[2023.02.06-15.40.11:518][  0]LogD3D11RHI:       0/0/8157 MB DedicatedVideo/DedicatedSystem/SharedSystem, Outputs:0, VendorId:0x1414
[2023.02.06-15.40.11:518][  0]LogD3D11RHI: Chosen D3D11 Adapter:
[2023.02.06-15.40.11:518][  0]LogD3D11RHI:     Description : NVIDIA GeForce GTX 1660 SUPER
[2023.02.06-15.40.11:518][  0]LogD3D11RHI:     VendorId    : 10de
[2023.02.06-15.40.11:518][  0]LogD3D11RHI:     DeviceId    : 21c4
[2023.02.06-15.40.11:518][  0]LogD3D11RHI:     SubSysId    : 21c410de
[2023.02.06-15.40.11:518][  0]LogD3D11RHI:     Revision    : 00a1
[2023.02.06-15.40.11:518][  0]LogD3D11RHI:     DedicatedVideoMemory : 6270484480 bytes
[2023.02.06-15.40.11:518][  0]LogD3D11RHI:     DedicatedSystemMemory : 0 bytes
[2023.02.06-15.40.11:518][  0]LogD3D11RHI:     SharedSystemMemory : 8554223616 bytes
[2023.02.06-15.40.11:518][  0]LogD3D11RHI:     AdapterLuid : 0 69681
[2023.02.06-15.40.11:528][  0]LogD3D11RHI: Creating new Direct3DDevice
[2023.02.06-15.40.11:528][  0]LogD3D11RHI:     GPU DeviceId: 0x21c4 (for the marketing name, search the web for "GPU Device Id")
[2023.02.06-15.40.11:528][  0]LogWindows: EnumDisplayDevices:
[2023.02.06-15.40.11:528][  0]LogWindows:    0. 'NVIDIA GeForce GTX 1660 SUPER' (P:1 D:1)
[2023.02.06-15.40.11:528][  0]LogWindows:    1. 'NVIDIA GeForce GTX 1660 SUPER' (P:0 D:0)
[2023.02.06-15.40.11:529][  0]LogWindows:    2. 'NVIDIA GeForce GTX 1660 SUPER' (P:0 D:0)
[2023.02.06-15.40.11:529][  0]LogWindows:    3. 'NVIDIA GeForce GTX 1660 SUPER' (P:0 D:0)
[2023.02.06-15.40.11:529][  0]LogWindows: DebugString: FoundDriverCount:4 
[2023.02.06-15.40.11:529][  0]LogD3D11RHI:     Adapter Name: NVIDIA GeForce GTX 1660 SUPER
[2023.02.06-15.40.11:529][  0]LogD3D11RHI:   Driver Version: 526.86 (internal:31.0.15.2686, unified:526.86)
[2023.02.06-15.40.11:529][  0]LogD3D11RHI:      Driver Date: 11-8-2022
[2023.02.06-15.40.11:529][  0]LogRHI: Texture pool is 4186 MB (70% of 5980 MB)
[2023.02.06-15.40.11:529][  0]LogD3D11RHI: Creating D3DDevice using adapter:
[2023.02.06-15.40.11:529][  0]LogD3D11RHI:     Description : NVIDIA GeForce GTX 1660 SUPER
[2023.02.06-15.40.11:529][  0]LogD3D11RHI:     VendorId    : 10de
[2023.02.06-15.40.11:529][  0]LogD3D11RHI:     DeviceId    : 21c4
[2023.02.06-15.40.11:529][  0]LogD3D11RHI:     SubSysId    : 21c410de
[2023.02.06-15.40.11:529][  0]LogD3D11RHI:     Revision    : 00a1
[2023.02.06-15.40.11:529][  0]LogD3D11RHI:     DedicatedVideoMemory : 6270484480 bytes
[2023.02.06-15.40.11:529][  0]LogD3D11RHI:     DedicatedSystemMemory : 0 bytes
[2023.02.06-15.40.11:529][  0]LogD3D11RHI:     SharedSystemMemory : 8554223616 bytes
[2023.02.06-15.40.11:529][  0]LogD3D11RHI:     AdapterLuid : 0 69681
[2023.02.06-15.40.11:620][  0]LogD3D11RHI: RHI has support for 64 bit atomics
[2023.02.06-15.40.11:620][  0]LogD3D11RHI: Async texture creation enabled
[2023.02.06-15.40.11:620][  0]LogD3D11RHI: Array index from any shader is supported
[2023.02.06-15.40.11:662][  0]LogD3D11RHI: GPU Timing Frequency: 1000.000000 (Debug: 2 1)
[2023.02.06-15.40.11:681][  0]LogRHI: GeForceNow SDK initialized: 1
[2023.02.06-15.40.12:047][  0]LogTargetPlatformManager: Display: Loaded TargetPlatform 'AllDesktop'
[2023.02.06-15.40.12:073][  0]LogTargetPlatformManager: Display: Loaded TargetPlatform 'Android'
[2023.02.06-15.40.12:073][  0]LogTargetPlatformManager: Display: Loaded TargetPlatform 'Android_ASTC'
[2023.02.06-15.40.12:073][  0]LogTargetPlatformManager: Display: Loaded TargetPlatform 'Android_DXT'
[2023.02.06-15.40.12:073][  0]LogTargetPlatformManager: Display: Loaded TargetPlatform 'Android_ETC2'
[2023.02.06-15.40.12:073][  0]LogTargetPlatformManager: Display: Loaded TargetPlatform 'AndroidClient'
[2023.02.06-15.40.12:073][  0]LogTargetPlatformManager: Display: Loaded TargetPlatform 'Android_ASTCClient'
[2023.02.06-15.40.12:073][  0]LogTargetPlatformManager: Display: Loaded TargetPlatform 'Android_DXTClient'
[2023.02.06-15.40.12:073][  0]LogTargetPlatformManager: Display: Loaded TargetPlatform 'Android_ETC2Client'
[2023.02.06-15.40.12:073][  0]LogTargetPlatformManager: Display: Loaded TargetPlatform 'Android_Multi'
[2023.02.06-15.40.12:073][  0]LogTargetPlatformManager: Display: Loaded TargetPlatform 'Android_MultiClient'
[2023.02.06-15.40.12:095][  0]LogTargetPlatformManager: Display: Loaded TargetPlatform 'IOSClient'
[2023.02.06-15.40.12:095][  0]LogTargetPlatformManager: Display: Loaded TargetPlatform 'IOS'
[2023.02.06-15.40.12:106][  0]LogTargetPlatformManager: Display: Loaded TargetPlatform 'Linux'
[2023.02.06-15.40.12:112][  0]LogTargetPlatformManager: Display: Loaded TargetPlatform 'LinuxNoEditor'
[2023.02.06-15.40.12:117][  0]LogTargetPlatformManager: Display: Loaded TargetPlatform 'LinuxClient'
[2023.02.06-15.40.12:123][  0]LogTargetPlatformManager: Display: Loaded TargetPlatform 'LinuxServer'
[2023.02.06-15.40.12:134][  0]LogTargetPlatformManager: Display: Loaded TargetPlatform 'LinuxAArch64NoEditor'
[2023.02.06-15.40.12:140][  0]LogTargetPlatformManager: Display: Loaded TargetPlatform 'LinuxAArch64Client'
[2023.02.06-15.40.12:147][  0]LogTargetPlatformManager: Display: Loaded TargetPlatform 'LinuxAArch64Server'
[2023.02.06-15.40.12:177][  0]LogTargetPlatformManager: Display: Loaded TargetPlatform 'Lumin'
[2023.02.06-15.40.12:177][  0]LogTargetPlatformManager: Display: Loaded TargetPlatform 'LuminClient'
[2023.02.06-15.40.12:189][  0]LogTargetPlatformManager: Display: Loaded TargetPlatform 'MacNoEditor'
[2023.02.06-15.40.12:195][  0]LogTargetPlatformManager: Display: Loaded TargetPlatform 'Mac'
[2023.02.06-15.40.12:200][  0]LogTargetPlatformManager: Display: Loaded TargetPlatform 'MacClient'
[2023.02.06-15.40.12:207][  0]LogTargetPlatformManager: Display: Loaded TargetPlatform 'MacServer'
[2023.02.06-15.40.12:221][  0]LogTargetPlatformManager: Display: Loaded TargetPlatform 'TVOSClient'
[2023.02.06-15.40.12:221][  0]LogTargetPlatformManager: Display: Loaded TargetPlatform 'TVOS'
[2023.02.06-15.40.12:232][  0]LogTargetPlatformManager: Display: Loaded TargetPlatform 'WindowsNoEditor'
[2023.02.06-15.40.12:239][  0]LogTargetPlatformManager: Display: Loaded TargetPlatform 'Windows'
[2023.02.06-15.40.12:244][  0]LogTargetPlatformManager: Display: Loaded TargetPlatform 'WindowsClient'
[2023.02.06-15.40.12:251][  0]LogTargetPlatformManager: Display: Loaded TargetPlatform 'WindowsServer'
[2023.02.06-15.40.12:251][  0]LogTargetPlatformManager: Display: Building Assets For Windows
[2023.02.06-15.40.12:262][  0]LogAudioDebug: Display: Lib vorbis DLL was dynamically loaded.
[2023.02.06-15.40.12:305][  0]LogTextureFormatOodle: Display: Oodle Texture 2.9.0 init RDO Off
[2023.02.06-15.40.12:347][  0]LogRendererCore: Ray tracing is disabled. Reason: r.RayTracing=0.
[2023.02.06-15.40.12:347][  0]LogShaderCompilers: Guid format shader working directory is -19 characters bigger than the processId version (C:/Users/20030/OneDrive/ドキュメント/Unreal Projects/Unreal/uekaragame/Intermediate/Shaders/WorkingDirectory/18880/).
[2023.02.06-15.40.12:347][  0]LogShaderCompilers: Cleaned the shader compiler working directory 'C:/Users/20030/AppData/Local/Temp/UnrealShaderWorkingDir/F4443375449D653C9B325AAAA128D5D4/'.
[2023.02.06-15.40.12:347][  0]LogXGEController: Cannot use XGE Controller as Incredibuild is not installed on this machine.
[2023.02.06-15.40.12:347][  0]LogShaderCompilers: Cannot use XGE Shader Compiler as Incredibuild is not installed on this machine.
[2023.02.06-15.40.12:348][  0]LogShaderCompilers: Display: Using Local Shader Compiler.
[2023.02.06-15.40.13:098][  0]LogDerivedDataCache: Display: Max Cache Size: 512 MB
[2023.02.06-15.40.13:178][  0]LogDerivedDataCache: Loaded boot cache 0.08s 94MB C:/Users/20030/AppData/Local/UnrealEngine/4.27/DerivedDataCache/Boot.ddc.
[2023.02.06-15.40.13:178][  0]LogDerivedDataCache: Display: Loaded Boot cache: C:/Users/20030/AppData/Local/UnrealEngine/4.27/DerivedDataCache/Boot.ddc
[2023.02.06-15.40.13:178][  0]LogDerivedDataCache: FDerivedDataBackendGraph:  Pak pak cache file C:/Users/20030/OneDrive/ドキュメント/Unreal Projects/Unreal/uekaragame/DerivedDataCache/DDC.ddp not found, will not use a pak cache.
[2023.02.06-15.40.13:178][  0]LogDerivedDataCache: Unable to find inner node Pak for hierarchical cache Hierarchy.
[2023.02.06-15.40.13:178][  0]LogDerivedDataCache: FDerivedDataBackendGraph:  CompressedPak pak cache file C:/Users/20030/OneDrive/ドキュメント/Unreal Projects/Unreal/uekaragame/DerivedDataCache/Compressed.ddp not found, will not use a pak cache.
[2023.02.06-15.40.13:178][  0]LogDerivedDataCache: Unable to find inner node CompressedPak for hierarchical cache Hierarchy.
[2023.02.06-15.40.13:200][  0]LogDerivedDataCache: Display: Pak cache opened for reading ../../../Engine/DerivedDataCache/Compressed.ddp.
[2023.02.06-15.40.13:200][  0]LogDerivedDataCache: FDerivedDataBackendGraph:  EnterprisePak pak cache file ../../../Enterprise/DerivedDataCache/Compressed.ddp not found, will not use a pak cache.
[2023.02.06-15.40.13:200][  0]LogDerivedDataCache: Unable to find inner node EnterprisePak for hierarchical cache Hierarchy.
[2023.02.06-15.40.13:213][  0]LogDerivedDataCache: Speed tests for C:/Users/20030/AppData/Local/UnrealEngine/Common/DerivedDataCache took 0.01 seconds
[2023.02.06-15.40.13:213][  0]LogDerivedDataCache: Display: Performance to C:/Users/20030/AppData/Local/UnrealEngine/Common/DerivedDataCache: Latency=0.06ms. RandomReadSpeed=786.47MBs, RandomWriteSpeed=81.54MBs. Assigned SpeedClass 'Local'
[2023.02.06-15.40.13:218][  0]LogDerivedDataCache: Using Local data cache path C:/Users/20030/AppData/Local/UnrealEngine/Common/DerivedDataCache: Writable
[2023.02.06-15.40.13:218][  0]LogDerivedDataCache: Shared data cache path not found in *engine.ini, will not use an Shared cache.
[2023.02.06-15.40.13:218][  0]LogDerivedDataCache: Unable to find inner node Shared for hierarchical cache Hierarchy.
[2023.02.06-15.40.13:270][  0]LogSlate: Using FreeType 2.10.0
[2023.02.06-15.40.13:271][  0]LogSlate: SlateFontServices - WITH_FREETYPE: 1, WITH_HARFBUZZ: 1
[2023.02.06-15.40.13:307][  0]LogAssetRegistry: FAssetRegistry took 0.0036 seconds to start up
[2023.02.06-15.40.13:571][  0]LogInit: Selected Device Profile: [Windows]
[2023.02.06-15.40.13:571][  0]LogInit: Active device profile: [0000011C8B64C700][0000011C87F03740 49] Windows
[2023.02.06-15.40.13:571][  0]LogInit: Profiles: [0000011C8B64C700][0000011C87F03740 49] Windows, [0000011C8B627300][0000011C87F0B8C0 49] WindowsNoEditor, [0000011C8B64F300][0000011C87F0FA40 49] WindowsServer, [0000011C8B627C00][0000011C87F13BC0 49] WindowsClient, [0000011C8B64F500][0000011C87F161C0 49] IOS, [0000011C8B617F00][0000011C87F1A340 49] iPadAir, [0000011C8B627700][0000011C87CA24C0 49] iPadAir2, [0000011C8B5CC500][0000011C87CAA780 49] IPadPro, [0000011C8B5CC600][0000011C87CA67C0 49] iPadAir3, [0000011C8B614100][0000011C87CAE940 49] iPadAir4, [0000011C8B5CEC00][0000011C87F06A80 49] iPadMini2, [0000011C8B616500][0000011C87CB2BC0 49] iPadMini3, [0000011C8B5CF400][0000011C87CB6D00 49] iPadMini4, [0000011C8B614F00][0000011C87CBEE80 49] iPadMini5, [0000011C8B5BFE00][0000011C87CC7140 49] iPhone6, [0000011C8B5BFF00][0000011C87CC3180 49] iPodTouch6, [0000011C8B64F900][0000011C87CCF440 49] iPhone7, [0000011C8B64E100][0000011C87CCB480 49] iPodTouch7, [0000011C8B5BC400][0000011C87CD3600 49] iPhone5S, [0000011C8B5CFD00][0000011C87CD7780 49] iPhone6Plus, [0000011C8B64F400][0000011C87CDB900 49] iPhone6S, [0000011C8B5CE000][0000011C87CDFA80 49] iPhone6SPlus, [0000011C8B64C900][0000011C87CE3C00 49] iPhone7Plus, [0000011C8B5CCE00][0000011C87CE6200 49] iPhoneSE, [0000011C8B64C200][0000011C87CEA380 49] iPhone8, [0000011C8B5CE400][0000011C87CEE500 49] iPhone8Plus, [0000011C8B64DE00][0000011C87CF2680 49] iPhoneX, [0000011C8B5CFE00][0000011C87CF6800 49] iPhoneXS, [0000011C8B64D600][0000011C87CFA980 49] iPhoneXSMax, [0000011C8B5CE500][0000011C87CFEB00 49] iPhoneXR, [0000011C8B64EA00][0000011C87CBAC40 49] iPhone11, [0000011C8B5CFA00][0000011C8A21ED80 49] iPhone11Pro, [0000011C8B64CF00][0000011C8A222EC0 49] iPhone11ProMax, [0000011C8B5CE300][0000011C8A22B040 49] iPhoneSE2, [0000011C8B64E700][0000011C8A22F1C0 49] iPhone12Mini, [0000011C8B5CC700][0000011C8A233340 49] iPhone12, [0000011C8B64F100][0000011C8A2374C0 49] iPhone12Pro, [0000011C8B5CF500][0000011C8A23B640 49] iPhone12ProMax, [0000011C8B64C800][0000011C8A23F7C0 49] iPadPro105, [0000011C8B5CDC00][0000011C8A243940 49] iPadPro129, [0000011C8B64C300][0000011C8A247AC0 49] iPadPro97, [0000011C8B5CDD00][0000011C8A24A0C0 49] iPadPro2_129, [0000011C8B64CC00][0000011C8A24E240 49] iPad5, [0000011C8B5CF000][0000011C8A2523C0 49] iPad6, [0000011C8B64EC00][0000011C8A256540 49] iPad7, [0000011C8B5CEE00][0000011C8A25A6C0 49] iPad8, [0000011C8B64D800][0000011C8A25E840 49] iPadPro11, [0000011C8B5CDB00][0000011C8A2629C0 49] iPadPro2_11, [0000011C8B64D500][0000011C8A266B40 49] iPadPro3_129, [0000011C8B5CE700][0000011C8A26ACC0 49] iPadPro4_129, [0000011C8B64C100][0000011C8A226E00 49] AppleTV, [0000011C8B5CEB00][0000011C8A26EF40 49] AppleTV4K, [0000011C8B64DB00][0000011C8A273080 49] TVOS, [0000011C8B5CC900][0000011C8A2771C0 49] Mac, [0000011C8B64D700][0000011C8A27F340 49] MacClient, [0000011C8B5CEF00][0000011C8A2834C0 49] MacNoEditor, [0000011C8B64CD00][0000011C8A287640 49] MacServer, [0000011C8B5CC300][0000011C8A28B7C0 49] Linux, [0000011C8B64EE00][0000011C8A28F940 49] LinuxAArch64, [0000011C8B5CD500][0000011C8A293AC0 49] LinuxNoEditor, [0000011C8B64E400][0000011C8A2960C0 49] LinuxAArch64NoEditor, [0000011C8B5CC200][0000011C8A340240 49] LinuxClient, [0000011C8B64ED00][0000011C8A3443C0 49] LinuxAArch64Client, [0000011C8B5CCC00][0000011C8A348540 49] LinuxServer, [0000011C8B64C400][0000011C8A34C6C0 49] LinuxAArch64Server, [0000011C8B5CD000][0000011C8A350840 49] Android, [0000011C8B617900][0000011C8A3549C0 49] Android_Low, [0000011C8B5BDB00][0000011C8A358B40 49] Android_Mid, [0000011C8B617000][0000011C8A35CCC0 49] Android_High, [0000011C8B5BE300][0000011C8A360E40 49] Android_Default, [0000011C8B616000][0000011C8A27AF80 49] Android_Adreno4xx, [0000011C8B5BC100][0000011C8A3650C0 49] Android_Adreno5xx_Low, [0000011C8B614B00][0000011C8A369200 49] Android_Adreno5xx, [0000011C8B5BD800][0000011C8A36D340 49] Android_Adreno6xx, [0000011C8B615100][0000011C8A3754C0 49] Android_Adreno6xx_Vulkan, [0000011C8B5BC800][0000011C8A379640 49] Android_Mali_T6xx, [0000011C8B617600][0000011C8A37D7C0 49] Android_Mali_T7xx, [0000011C8B5BCD00][0000011C8A381940 49] Android_Mali_T8xx, [0000011C8B617C00][0000011C8A385AC0 49] Android_Mali_G71, [0000011C8B5BD500][0000011C8A3880C0 49] Android_Mali_G72, [0000011C8B617E00][0000011C8A38C240 49] Android_Mali_G72_Vulkan, [0000011C8B5BFD00][0000011C8A3903C0 49] Android_Mali_G76, [0000011C8B617A00][0000011C8A394540 49] Android_Mali_G76_Vulkan, [0000011C8B5BF600][0000011C8A3986C0 49] Android_Mali_G77, [0000011C8B616200][0000011C8A39C840 49] Android_Mali_G77_Vulkan, [0000011C8B5BD200][0000011C8A3A09C0 49] Android_Mali_G78, [0000011C8B614A00][0000011C8A3A4B40 49] Android_Mali_G78_Vulkan, [0000011C8B5BF000][0000011C8A3A8CC0 49] Android_Mali_G710, [0000011C8B615400][0000011C8A3ACE40 49] Android_Mali_G710_Vulkan, [0000011C8B5BC700][0000011C8A3B0FC0 49] Android_Vulkan_SM5, [0000011C8B615800][0000011C8A3B5140 49] Android_PowerVR_G6xxx, [0000011C8B5BCE00][0000011C8A371280 49] Android_PowerVR_GT7xxx, [0000011C8B614200][0000011C8A3B93C0 49] Android_PowerVR_GE8xxx, [0000011C8B5BC600][0000011C8A3BD500 49] Android_PowerVR_GM9xxx, [0000011C8B616600][0000011C8A3C5680 49] Android_PowerVR_GM9xxx_Vulkan, [0000011C8B5CCF00][0000011C8A3C9800 49] Android_TegraK1, [0000011C8B616A00][0000011C8A3CD980 49] Android_Unknown_Vulkan, [0000011C8B5CCD00][0000011C8A3D1B00 49] Lumin, [0000011C8B615200][0000011C8A3D4100 49] Lumin_Desktop, [0000011C8B5CCB00][0000011C8A3D8280 49] HoloLens, 
[2023.02.06-15.40.13:702][  0]LogMeshReduction: Using QuadricMeshReduction for automatic static mesh reduction
[2023.02.06-15.40.13:702][  0]LogMeshReduction: Using SimplygonMeshReduction for automatic skeletal mesh reduction
[2023.02.06-15.40.13:702][  0]LogMeshReduction: Using ProxyLODMeshReduction for automatic mesh merging
[2023.02.06-15.40.13:702][  0]LogMeshReduction: No distributed automatic mesh merging module available
[2023.02.06-15.40.13:702][  0]LogMeshMerging: No distributed automatic mesh merging module available
[2023.02.06-15.40.13:720][  0]LogNetVersion: uekaragame 1.0.0, NetCL: 17155196, EngineNetVer: 17, GameNetVer: 0 (Checksum: 483630522)
[2023.02.06-15.40.14:196][  0]LogTexture: Default maximum texture size for cubemaps generated from long-lat sources has been changed from 512 to unlimited. In order to preserve old behaiour for '/Engine/MapTemplates/Sky/DaylightAmbientCubemap.DaylightAmbientCubemap', its maximum texture size has been explicitly set to 512.
[2023.02.06-15.40.14:269][  0]LogHMD: PokeAHoleMaterial loaded successfully
[2023.02.06-15.40.14:276][  0]LogUObjectArray: 17178 objects as part of root set at end of initial load.
[2023.02.06-15.40.14:276][  0]LogUObjectAllocator: 4302048 out of 0 bytes used by permanent object pool.
[2023.02.06-15.40.14:276][  0]LogUObjectArray: CloseDisregardForGC: 0/0 objects in disregard for GC pool
[2023.02.06-15.40.14:630][  0]LogNiagaraDebuggerClient: Niagara Debugger Client Initialized | Session: 9DB912D542EBC849FC89FCBD3CE4953A | Instance: 607C51544ED25E65338CB0BA196FDEF6 (DESKTOP-AT6F0SM-18880).
[2023.02.06-15.40.14:659][  0]LogPython: Using Python 3.7.7
[2023.02.06-15.40.15:449][  0]LogTcpMessaging: Initializing TcpMessaging bridge
[2023.02.06-15.40.15:545][  0]LogUdpMessaging: Initializing bridge on interface 0.0.0.0:0 to multicast group 230.0.0.1:6666.
[2023.02.06-15.40.18:083][  0]SourceControl: ソースコントロールは無効です
[2023.02.06-15.40.18:107][  0]SourceControl: ソースコントロールは無効です
[2023.02.06-15.40.18:276][  0]SourceControl: ソースコントロールは無効です
[2023.02.06-15.40.18:341][  0]SourceControl: ソースコントロールは無効です
[2023.02.06-15.40.18:576][  0]SourceControl: ソースコントロールは無効です
[2023.02.06-15.40.18:682][  0]LogUProjectInfo: Found projects:
[2023.02.06-15.40.18:731][  0]LogVSAccessor: Display: Unable to create Visual Studio setup instance: 80040154
[2023.02.06-15.40.18:732][  0]LogVSAccessor: Display: Unable to create Visual Studio setup instance: 80040154
[2023.02.06-15.40.18:733][  0]LogVSAccessor: Display: Unable to create Visual Studio setup instance: 80040154
[2023.02.06-15.40.21:817][  0]LogOpenImageDenoise: OIDN starting up
[2023.02.06-15.40.22:398][  0]LogAndroidPermission: UAndroidPermissionCallbackProxy::GetInstance
[2023.02.06-15.40.22:500][  0]LogAudioCaptureCore: Display: No Audio Capture implementations found. Audio input will be silent.
[2023.02.06-15.40.22:500][  0]LogAudioCaptureCore: Display: No Audio Capture implementations found. Audio input will be silent.
[2023.02.06-15.40.23:669][  0]LogCollectionManager: Loaded 0 collections in 0.001213 seconds
[2023.02.06-15.40.23:797][  0]LogFileCache: Scanning file cache for directory 'C:/Users/20030/OneDrive/ドキュメント/Unreal Projects/Unreal/uekaragame/Saved/Collections/' took 0.04s
[2023.02.06-15.40.23:797][  0]LogFileCache: Scanning file cache for directory 'C:/Users/20030/OneDrive/ドキュメント/Unreal Projects/Unreal/uekaragame/Content/Developers/20030/Collections/' took 0.00s
[2023.02.06-15.40.23:797][  0]LogFileCache: Scanning file cache for directory 'C:/Users/20030/OneDrive/ドキュメント/Unreal Projects/Unreal/uekaragame/Content/Collections/' took 0.00s
[2023.02.06-15.40.24:041][  0]LogOcInput: OculusInput pre-init called
[2023.02.06-15.40.28:345][  0]LogAutomationTest: Warning: Smoke tests took >2s to run (2.57s). 'FAutomationTestAttemptToFindUninitializedScriptStructMembers' took 2144ms. SmokeFilter tier tests should take less than 1ms. Please optimize or move 'FAutomationTestAttemptToFindUninitializedScriptStructMembers' to a slower tier than SmokeFilter.
[2023.02.06-15.40.28:540][  0]LogEngine: Initializing Engine...
[2023.02.06-15.40.28:773][  0]LogHMD: Optional extension XR_VARJO_quad_views is not available
[2023.02.06-15.40.28:773][  0]LogHMD: Warning: Required extension XR_EXT_eye_gaze_interaction is not available
[2023.02.06-15.40.28:773][  0]LogHMD: Could not enable all required OpenXR extensions for OpenXREyeTracker on current system. This plugin will be loaded but ignored, but will be enabled on a target platform that supports the required extension.
[2023.02.06-15.40.28:829][  0]LogHMD: Failed to create an OpenXR instance, result is XR_ERROR_RUNTIME_FAILURE. Please check if you have an OpenXR runtime installed. The following extensions were enabled:
[2023.02.06-15.40.28:829][  0]LogHMD: - XR_KHR_D3D11_enable
[2023.02.06-15.40.28:829][  0]LogHMD: - XR_KHR_D3D12_enable
[2023.02.06-15.40.28:829][  0]LogHMD: - XR_KHR_opengl_enable
[2023.02.06-15.40.28:829][  0]LogHMD: - XR_KHR_vulkan_enable
[2023.02.06-15.40.28:829][  0]LogHMD: - XR_KHR_composition_layer_depth
[2023.02.06-15.40.28:829][  0]LogHMD: - XR_KHR_visibility_mask
[2023.02.06-15.40.28:829][  0]LogHMD: - XR_EXT_hand_tracking
[2023.02.06-15.40.28:889][  0]LogHMD: Failed to initialize OpenVR with code 126
[2023.02.06-15.40.28:904][  0]LogMagicLeap: Warning: VR disabled because ZI is not enabled.  To enable, in the editor, Edit -> Project Settings -> Plugins -> Magic Leap Plugin -> Enable Zero Iteration
[2023.02.06-15.40.29:029][  0]LogStats: UGameplayTagsManager::InitializeManager -  0.008 s
[2023.02.06-15.40.29:500][  0]LogInit: Initializing FReadOnlyCVARCache
[2023.02.06-15.40.30:493][  0]LogAIModule: Creating AISystem for world Untitled
[2023.02.06-15.40.30:753][  0]LogAudio: Display: Initializing Audio Device Manager...
[2023.02.06-15.40.30:798][  0]LogAudio: Display: Loading Default Audio Settings Objects...
[2023.02.06-15.40.30:825][  0]LogAudio: Display: No default SoundConcurrencyObject specified (or failed to load).
[2023.02.06-15.40.30:897][  0]LogAudio: Display: Audio Device Manager Initialized
[2023.02.06-15.40.30:897][  0]LogAudio: Display: Creating Audio Device:                 Id: 1, Scope: Shared, Realtime: True
[2023.02.06-15.40.30:958][  0]LogAudioMixer: Display: Audio Mixer Platform Settings:
[2023.02.06-15.40.30:958][  0]LogAudioMixer: Display: 	Sample Rate:						  48000
[2023.02.06-15.40.30:958][  0]LogAudioMixer: Display: 	Callback Buffer Frame Size Requested: 1024
[2023.02.06-15.40.30:958][  0]LogAudioMixer: Display: 	Callback Buffer Frame Size To Use:	  1024
[2023.02.06-15.40.30:958][  0]LogAudioMixer: Display: 	Number of buffers to queue:			  2
[2023.02.06-15.40.30:958][  0]LogAudioMixer: Display: 	Max Channels (voices):				  32
[2023.02.06-15.40.30:958][  0]LogAudioMixer: Display: 	Number of Async Source Workers:		  0
[2023.02.06-15.40.30:964][  0]LogAudio: Display: AudioDevice MaxSources: 32
[2023.02.06-15.40.30:984][  0]LogAudio: Display: Audio Spatialization Plugin: None (built-in).
[2023.02.06-15.40.30:984][  0]LogAudio: Display: Audio Reverb Plugin: None (built-in).
[2023.02.06-15.40.30:984][  0]LogAudio: Display: Audio Occlusion Plugin: None (built-in).
[2023.02.06-15.40.30:985][  0]LogAudioMixer: Display: Initializing audio mixer.
[2023.02.06-15.40.31:158][  0]LogAudioMixer: Display: 0: FrontLeft
[2023.02.06-15.40.31:158][  0]LogAudioMixer: Display: 1: FrontRight
[2023.02.06-15.40.31:184][  0]LogAudioMixer: Display: Using Audio Device ヘッドセット イヤフォン (3- Astro MixAmp Pro Voice)
[2023.02.06-15.40.31:274][  0]LogAudioMixer: Display: Initializing Sound Submixes...
[2023.02.06-15.40.31:292][  0]LogAudioMixer: Display: Creating Master Submix 'MasterSubmixDefault'
[2023.02.06-15.40.31:293][  0]LogAudioMixer: Display: Creating Master Submix 'MasterReverbSubmixDefault'
[2023.02.06-15.40.31:296][  0]LogAudioMixer: Display: Creating Master Submix 'MasterEQSubmixDefault'
[2023.02.06-15.40.31:296][  0]LogAudioMixer: FMixerPlatformXAudio2::StartAudioStream() called
[2023.02.06-15.40.31:296][  0]LogAudioMixer: Display: Output buffers initialized: Frames=1024, Channels=2, Samples=2048
[2023.02.06-15.40.31:298][  0]LogAudioMixer: Display: Starting AudioMixerPlatformInterface::RunInternal()
[2023.02.06-15.40.31:298][  0]LogAudioMixer: Display: FMixerPlatformXAudio2::SubmitBuffer() called for the first time
[2023.02.06-15.40.31:298][  0]LogInit: FAudioDevice initialized.
[2023.02.06-15.40.31:384][  0]LogAudioMixer: Display: Audio Buffer Underrun (starvation) detected.
[2023.02.06-15.40.31:384][  0]LogAudio: Display: Audio Device (ID: 1) registered with world 'Untitled'.
[2023.02.06-15.40.31:429][  0]LogNetVersion: Set ProjectVersion to 1.0.0.0. Version Checksum will be recalculated on next use.
[2023.02.06-15.40.31:607][  0]LogDerivedDataCache: Saved boot cache 0.18s 94MB C:/Users/20030/AppData/Local/UnrealEngine/4.27/DerivedDataCache/Boot.ddc.
[2023.02.06-15.40.31:608][  0]LogInit: Texture streaming: Enabled
[2023.02.06-15.40.31:743][  0]LogAnalytics: Display: [UEEditor.Rocket.Release] APIServer = https://datarouter.ol.epicgames.com/. AppVersion = 4.27.2-18319896+++UE4+Release-4.27
[2023.02.06-15.40.31:821][  0]LogEngineSessionManager: EngineSessionManager initialized
[2023.02.06-15.40.31:842][  0]LogEditorSessionSummary: Verbose: Initializing EditorSessionSummaryWriter for editor session tracking
[2023.02.06-15.40.31:911][  0]LogEditorSessionSummary: EditorSessionSummaryWriter initialized
[2023.02.06-15.40.32:950][  0]LogInit: Transaction tracking system initialized
[2023.02.06-15.40.33:579][  0]BlueprintLog: New page: エディタの読み込み
[2023.02.06-15.40.35:540][  0]LocalizationService: ローカライズのサービスが無効になりました
[2023.02.06-15.40.36:315][  0]TimingProfiler: Initialize
[2023.02.06-15.40.36:382][  0]TimingProfiler: OnSessionChanged
[2023.02.06-15.40.36:385][  0]LoadingProfiler: Initialize
[2023.02.06-15.40.36:385][  0]LoadingProfiler: OnSessionChanged
[2023.02.06-15.40.36:385][  0]NetworkingProfiler: Initialize
[2023.02.06-15.40.36:399][  0]NetworkingProfiler: OnSessionChanged
[2023.02.06-15.40.36:399][  0]MemoryProfiler: Initialize
[2023.02.06-15.40.36:399][  0]MemoryProfiler: OnSessionChanged
[2023.02.06-15.40.37:582][  0]LogVSAccessor: Display: Unable to create Visual Studio setup instance: 80040154
[2023.02.06-15.40.37:583][  0]LogVSAccessor: Display: Unable to create Visual Studio setup instance: 80040154
[2023.02.06-15.40.37:584][  0]LogVSAccessor: Display: Unable to create Visual Studio setup instance: 80040154
[2023.02.06-15.40.39:366][  0]LogFileCache: Scanning file cache for directory 'C:/Users/20030/OneDrive/ドキュメント/Unreal Projects/Unreal/uekaragame/Content/' took 0.07s
[2023.02.06-15.40.39:366][  0]LogCook: Display: CookSettings for Memory: MemoryMaxUsedVirtual 0MiB, MemoryMaxUsedPhysical 16384MiB, MemoryMinFreeVirtual 0MiB, MemoryMinFreePhysical 1024MiB
[2023.02.06-15.40.39:367][  0]LogCook: Display: Mobile HDR setting 1
[2023.02.06-15.40.44:057][  0]LogInit: Display: Engine is initialized. Leaving FEngineLoop::Init()
[2023.02.06-15.40.44:285][  0]SourceControl: ソースコントロールは無効です
[2023.02.06-15.40.44:313][  0]LogUnrealEdMisc: Loading editor; pre map load, took 35.893
[2023.02.06-15.40.44:368][  0]Cmd: MAP LOAD FILE="C:/Users/20030/OneDrive/ドキュメント/Unreal Projects/Unreal/uekaragame/Content/TopDownBP/Maps/StartMap.umap" TEMPLATE=0 SHOWPROGRESS=1 FEATURELEVEL=3
[2023.02.06-15.40.44:390][  0]LightingResults: New page: ライティングのビルド
[2023.02.06-15.40.44:798][  0]LogWorld: UWorld::CleanupWorld for Untitled, bSessionEnded=true, bCleanupResources=true
[2023.02.06-15.40.45:025][  0]LogSlate: InvalidateAllWidgets triggered.  All widgets were invalidated
[2023.02.06-15.40.45:230][  0]MapCheck: New page: マップをチェック
[2023.02.06-15.40.45:230][  0]LightingResults: New page: <何も選択されていません>
[2023.02.06-15.40.46:908][  0]LogAudio: Display: Audio Device unregistered from world 'None'.
[2023.02.06-15.40.47:919][  0]LogUObjectHash: Compacting FUObjectHashTables data took   1.13ms
[2023.02.06-15.40.49:405][  0]LogAudio: Display: Audio Device (ID: 1) registered with world 'StartMap'.
[2023.02.06-15.40.49:419][  0]LogAIModule: Creating AISystem for world StartMap
[2023.02.06-15.40.51:095][  0]LogEditorServer: Finished looking for orphan Actors (0.000 secs)
[2023.02.06-15.40.51:389][  0]LogUObjectHash: Compacting FUObjectHashTables data took   1.04ms
[2023.02.06-15.40.51:426][  0]Cmd: MAP CHECKDEP NOCLEARLOG
[2023.02.06-15.40.51:444][  0]MapCheck: マップチェックが完了: 0 エラー、 0 警告、完了に 18.338ミリ秒かかりました。
[2023.02.06-15.40.51:445][  0]LogFileHelpers: Loading map 'StartMap' took 7.103
